<?xml version="1.0" encoding="UTF-8"?>
<testsuite xmlns:xsi="http://www.w3.org/2001/XMLSchema-instance" xsi:noNamespaceSchemaLocation="https://maven.apache.org/surefire/maven-surefire-plugin/xsd/surefire-test-report.xsd" version="3.0.1" name="com.nt.ApiGatewayApp.ApiGatewayTest" time="2.707" tests="1" errors="0" skipped="0" failures="0">
  <properties>
    <property name="java.specification.version" value="23"/>
    <property name="sun.cpu.isalist" value="amd64"/>
    <property name="sun.jnu.encoding" value="Cp1252"/>
    <property name="java.class.path" value="C:\Noushad Ali\Documnet\VertxProject\ApiGatewayApp\target\test-classes;C:\Noushad Ali\Documnet\VertxProject\ApiGatewayApp\target\classes;C:\Users\Admin\.m2\repository\org\junit\jupiter\junit-jupiter-api\5.11.0\junit-jupiter-api-5.11.0.jar;C:\Users\Admin\.m2\repository\org\opentest4j\opentest4j\1.3.0\opentest4j-1.3.0.jar;C:\Users\Admin\.m2\repository\org\junit\platform\junit-platform-commons\1.11.0\junit-platform-commons-1.11.0.jar;C:\Users\Admin\.m2\repository\org\apiguardian\apiguardian-api\1.1.2\apiguardian-api-1.1.2.jar;C:\Users\Admin\.m2\repository\org\junit\jupiter\junit-jupiter-params\5.11.0\junit-jupiter-params-5.11.0.jar;C:\Users\Admin\.m2\repository\io\vertx\vertx-core\4.5.16\vertx-core-4.5.16.jar;C:\Users\Admin\.m2\repository\io\netty\netty-common\4.1.121.Final\netty-common-4.1.121.Final.jar;C:\Users\Admin\.m2\repository\io\netty\netty-buffer\4.1.121.Final\netty-buffer-4.1.121.Final.jar;C:\Users\Admin\.m2\repository\io\netty\netty-transport\4.1.121.Final\netty-transport-4.1.121.Final.jar;C:\Users\Admin\.m2\repository\io\netty\netty-handler\4.1.121.Final\netty-handler-4.1.121.Final.jar;C:\Users\Admin\.m2\repository\io\netty\netty-transport-native-unix-common\4.1.121.Final\netty-transport-native-unix-common-4.1.121.Final.jar;C:\Users\Admin\.m2\repository\io\netty\netty-codec\4.1.121.Final\netty-codec-4.1.121.Final.jar;C:\Users\Admin\.m2\repository\io\netty\netty-handler-proxy\4.1.121.Final\netty-handler-proxy-4.1.121.Final.jar;C:\Users\Admin\.m2\repository\io\netty\netty-codec-socks\4.1.121.Final\netty-codec-socks-4.1.121.Final.jar;C:\Users\Admin\.m2\repository\io\netty\netty-codec-http\4.1.121.Final\netty-codec-http-4.1.121.Final.jar;C:\Users\Admin\.m2\repository\io\netty\netty-codec-http2\4.1.121.Final\netty-codec-http2-4.1.121.Final.jar;C:\Users\Admin\.m2\repository\io\netty\netty-resolver\4.1.121.Final\netty-resolver-4.1.121.Final.jar;C:\Users\Admin\.m2\repository\io\netty\netty-resolver-dns\4.1.121.Final\netty-resolver-dns-4.1.121.Final.jar;C:\Users\Admin\.m2\repository\io\netty\netty-codec-dns\4.1.121.Final\netty-codec-dns-4.1.121.Final.jar;C:\Users\Admin\.m2\repository\com\fasterxml\jackson\core\jackson-core\2.16.1\jackson-core-2.16.1.jar;C:\Users\Admin\.m2\repository\io\vertx\vertx-web\4.5.16\vertx-web-4.5.16.jar;C:\Users\Admin\.m2\repository\io\vertx\vertx-web-common\4.5.16\vertx-web-common-4.5.16.jar;C:\Users\Admin\.m2\repository\io\vertx\vertx-auth-common\4.5.16\vertx-auth-common-4.5.16.jar;C:\Users\Admin\.m2\repository\io\vertx\vertx-bridge-common\4.5.16\vertx-bridge-common-4.5.16.jar;C:\Users\Admin\.m2\repository\io\vertx\vertx-web-client\4.5.16\vertx-web-client-4.5.16.jar;C:\Users\Admin\.m2\repository\io\vertx\vertx-uri-template\4.5.16\vertx-uri-template-4.5.16.jar;C:\Users\Admin\.m2\repository\io\vertx\vertx-circuit-breaker\4.5.16\vertx-circuit-breaker-4.5.16.jar;"/>
    <property name="java.vm.vendor" value="Oracle Corporation"/>
    <property name="sun.arch.data.model" value="64"/>
    <property name="user.variant" value=""/>
    <property name="java.vendor.url" value="https://java.oracle.com/"/>
    <property name="user.timezone" value="Asia/Calcutta"/>
    <property name="os.name" value="Windows 10"/>
    <property name="java.vm.specification.version" value="23"/>
    <property name="sun.java.launcher" value="SUN_STANDARD"/>
    <property name="user.country" value="US"/>
    <property name="sun.boot.library.path" value="C:\SpringBoot_Documents\Rest Notes\openjdk-23.0.1_windows-x64_bin\jdk-23.0.1\bin"/>
    <property name="sun.java.command" value="C:\Users\Admin\AppData\Local\Temp\surefire13718745499869502797\surefirebooter-20250724091706731_3.jar C:\Users\Admin\AppData\Local\Temp\surefire13718745499869502797 2025-07-24T09-17-06_569-jvmRun1 surefire-20250724091706731_1tmp surefire_0-20250724091706731_2tmp"/>
    <property name="jdk.debug" value="release"/>
    <property name="surefire.test.class.path" value="C:\Noushad Ali\Documnet\VertxProject\ApiGatewayApp\target\test-classes;C:\Noushad Ali\Documnet\VertxProject\ApiGatewayApp\target\classes;C:\Users\Admin\.m2\repository\org\junit\jupiter\junit-jupiter-api\5.11.0\junit-jupiter-api-5.11.0.jar;C:\Users\Admin\.m2\repository\org\opentest4j\opentest4j\1.3.0\opentest4j-1.3.0.jar;C:\Users\Admin\.m2\repository\org\junit\platform\junit-platform-commons\1.11.0\junit-platform-commons-1.11.0.jar;C:\Users\Admin\.m2\repository\org\apiguardian\apiguardian-api\1.1.2\apiguardian-api-1.1.2.jar;C:\Users\Admin\.m2\repository\org\junit\jupiter\junit-jupiter-params\5.11.0\junit-jupiter-params-5.11.0.jar;C:\Users\Admin\.m2\repository\io\vertx\vertx-core\4.5.16\vertx-core-4.5.16.jar;C:\Users\Admin\.m2\repository\io\netty\netty-common\4.1.121.Final\netty-common-4.1.121.Final.jar;C:\Users\Admin\.m2\repository\io\netty\netty-buffer\4.1.121.Final\netty-buffer-4.1.121.Final.jar;C:\Users\Admin\.m2\repository\io\netty\netty-transport\4.1.121.Final\netty-transport-4.1.121.Final.jar;C:\Users\Admin\.m2\repository\io\netty\netty-handler\4.1.121.Final\netty-handler-4.1.121.Final.jar;C:\Users\Admin\.m2\repository\io\netty\netty-transport-native-unix-common\4.1.121.Final\netty-transport-native-unix-common-4.1.121.Final.jar;C:\Users\Admin\.m2\repository\io\netty\netty-codec\4.1.121.Final\netty-codec-4.1.121.Final.jar;C:\Users\Admin\.m2\repository\io\netty\netty-handler-proxy\4.1.121.Final\netty-handler-proxy-4.1.121.Final.jar;C:\Users\Admin\.m2\repository\io\netty\netty-codec-socks\4.1.121.Final\netty-codec-socks-4.1.121.Final.jar;C:\Users\Admin\.m2\repository\io\netty\netty-codec-http\4.1.121.Final\netty-codec-http-4.1.121.Final.jar;C:\Users\Admin\.m2\repository\io\netty\netty-codec-http2\4.1.121.Final\netty-codec-http2-4.1.121.Final.jar;C:\Users\Admin\.m2\repository\io\netty\netty-resolver\4.1.121.Final\netty-resolver-4.1.121.Final.jar;C:\Users\Admin\.m2\repository\io\netty\netty-resolver-dns\4.1.121.Final\netty-resolver-dns-4.1.121.Final.jar;C:\Users\Admin\.m2\repository\io\netty\netty-codec-dns\4.1.121.Final\netty-codec-dns-4.1.121.Final.jar;C:\Users\Admin\.m2\repository\com\fasterxml\jackson\core\jackson-core\2.16.1\jackson-core-2.16.1.jar;C:\Users\Admin\.m2\repository\io\vertx\vertx-web\4.5.16\vertx-web-4.5.16.jar;C:\Users\Admin\.m2\repository\io\vertx\vertx-web-common\4.5.16\vertx-web-common-4.5.16.jar;C:\Users\Admin\.m2\repository\io\vertx\vertx-auth-common\4.5.16\vertx-auth-common-4.5.16.jar;C:\Users\Admin\.m2\repository\io\vertx\vertx-bridge-common\4.5.16\vertx-bridge-common-4.5.16.jar;C:\Users\Admin\.m2\repository\io\vertx\vertx-web-client\4.5.16\vertx-web-client-4.5.16.jar;C:\Users\Admin\.m2\repository\io\vertx\vertx-uri-template\4.5.16\vertx-uri-template-4.5.16.jar;C:\Users\Admin\.m2\repository\io\vertx\vertx-circuit-breaker\4.5.16\vertx-circuit-breaker-4.5.16.jar;"/>
    <property name="sun.cpu.endian" value="little"/>
    <property name="user.home" value="C:\Users\Admin"/>
    <property name="user.language" value="en"/>
    <property name="java.specification.vendor" value="Oracle Corporation"/>
    <property name="java.version.date" value="2024-10-15"/>
    <property name="java.home" value="C:\SpringBoot_Documents\Rest Notes\openjdk-23.0.1_windows-x64_bin\jdk-23.0.1"/>
    <property name="file.separator" value="\"/>
    <property name="basedir" value="C:\Noushad Ali\Documnet\VertxProject\ApiGatewayApp"/>
    <property name="java.vm.compressedOopsMode" value="32-bit"/>
    <property name="line.separator" value="&#10;"/>
    <property name="java.vm.specification.vendor" value="Oracle Corporation"/>
    <property name="java.specification.name" value="Java Platform API Specification"/>
    <property name="surefire.real.class.path" value="C:\Users\Admin\AppData\Local\Temp\surefire13718745499869502797\surefirebooter-20250724091706731_3.jar"/>
    <property name="user.script" value=""/>
    <property name="sun.management.compiler" value="HotSpot 64-Bit Tiered Compilers"/>
    <property name="java.runtime.version" value="23.0.1+11-39"/>
    <property name="user.name" value="Admin"/>
    <property name="stdout.encoding" value="Cp1252"/>
    <property name="path.separator" value=";"/>
    <property name="os.version" value="10.0"/>
    <property name="java.runtime.name" value="OpenJDK Runtime Environment"/>
    <property name="file.encoding" value="UTF-8"/>
    <property name="java.vm.name" value="OpenJDK 64-Bit Server VM"/>
    <property name="localRepository" value="C:\Users\Admin\.m2\repository"/>
    <property name="java.vendor.url.bug" value="https://bugreport.java.com/bugreport/"/>
    <property name="java.io.tmpdir" value="C:\Users\Admin\AppData\Local\Temp\"/>
    <property name="java.version" value="23.0.1"/>
    <property name="user.dir" value="C:\Noushad Ali\Documnet\VertxProject\ApiGatewayApp"/>
    <property name="os.arch" value="amd64"/>
    <property name="java.vm.specification.name" value="Java Virtual Machine Specification"/>
    <property name="sun.os.patch.level" value=""/>
    <property name="native.encoding" value="Cp1252"/>
    <property name="java.library.path" value="C:\SpringBoot_Documents\Rest Notes\openjdk-23.0.1_windows-x64_bin\jdk-23.0.1\bin;C:\Windows\Sun\Java\bin;C:\Windows\system32;C:\Windows;C:/Users/Admin/.p2/pool/plugins/org.eclipse.justj.openjdk.hotspot.jre.full.win32.x86_64_22.0.1.v20240426-1149/jre/bin/server;C:/Users/Admin/.p2/pool/plugins/org.eclipse.justj.openjdk.hotspot.jre.full.win32.x86_64_22.0.1.v20240426-1149/jre/bin;C:\Windows\system32;C:\Windows;C:\Windows\System32\Wbem;C:\Windows\System32\WindowsPowerShell\v1.0\;C:\Windows\System32\OpenSSH\;C:\SpringBoot_Documents\Rest Notes\openjdk-23.0.1_windows-x64_bin\jdk-23.0.1\bin;C:\Program Files\apache-maven-3.9.9-bin\apache-maven-3.9.9\bin;C:\Program Files\PuTTY\;C:\Program Files\Git\cmd;C:\Program Files\Amazon\AWSCLIV2\;C:\Program Files\terraform;C:\Program Files\MySQL\MySQL Shell 8.0\bin\;C:\Users\Admin\AppData\Local\Microsoft\WindowsApps;;C:\Users\Admin\Desktop;;."/>
    <property name="java.vm.info" value="mixed mode, sharing"/>
    <property name="stderr.encoding" value="Cp1252"/>
    <property name="java.vendor" value="Oracle Corporation"/>
    <property name="java.vm.version" value="23.0.1+11-39"/>
    <property name="sun.io.unicode.encoding" value="UnicodeLittle"/>
    <property name="java.class.version" value="67.0"/>
  </properties>
  <testcase name="testAggregateEndpoint" classname="com.nt.ApiGatewayApp.ApiGatewayTest" time="2.234">
    <system-out><![CDATA[Response{
  "post_title" : "sunt aut facere repellat provident occaecati excepturi optio reprehenderit",
  "author_name" : "Leanne Graham"
}
]]></system-out>
    <system-err><![CDATA[Jul 24, 2025 9:17:08 AM com.nt.ApiGatewayApp.ApiGatewayVerticle
INFO: HTTP server started on port 8080
Jul 24, 2025 9:17:08 AM com.nt.ApiGatewayApp.ApiGatewayVerticle
INFO: Received request: /aggregate
Jul 24, 2025 9:17:08 AM com.nt.ApiGatewayApp.ApiGatewayVerticle
INFO: Calling posts API...
Jul 24, 2025 9:17:08 AM com.nt.ApiGatewayApp.ApiGatewayVerticle
INFO: Calling users API...
Jul 24, 2025 9:17:09 AM com.nt.ApiGatewayApp.ApiGatewayVerticle
INFO: User name fetched: Leanne Graham
Jul 24, 2025 9:17:09 AM com.nt.ApiGatewayApp.ApiGatewayVerticle
INFO: Post title fetched: sunt aut facere repellat provident occaecati excepturi optio reprehenderit
Jul 24, 2025 9:17:09 AM com.nt.ApiGatewayApp.ApiGatewayVerticle
INFO: Sending successful aggregated response.
]]></system-err>
  </testcase>
</testsuite>